<?xml version="1.0" encoding="UTF-8"?>
<!-- Generated by org.testng.reporters.JUnitReportReporter -->
<testsuite hostname="DESKTOP-N48DG7R" failures="0" tests="3" name="Collection.ListInteraface" time="0.036" errors="0" timestamp="2024-10-25T18:12:58 IST" skipped="0">
  <testcase classname="Collection.ListInteraface" name="arrayList" time="0.019"/>
  <testcase classname="Collection.ListInteraface" name="stack" time="0.008"/>
  <testcase classname="Collection.ListInteraface" name="linkedList" time="0.009"/>
</testsuite> <!-- Collection.ListInteraface -->
