<?xml version="1.0" encoding="UTF-8"?>
<!-- Generated by org.testng.reporters.JUnitReportReporter -->
<testsuite hostname="DESKTOP-N48DG7R" failures="0" tests="1" name="PracticePackage.GoogleLangOptionInList" time="0.200" errors="0" timestamp="2024-09-14T07:44:26 IST" skipped="0">
  <testcase classname="PracticePackage.GoogleLangOptionInList" name="f1" time="0.200"/>
</testsuite> <!-- PracticePackage.GoogleLangOptionInList -->
