<?xml version="1.0" encoding="UTF-8"?>
<!-- Generated by org.testng.reporters.JUnitReportReporter -->
<testsuite hostname="DESKTOP-N48DG7R" failures="0" tests="1" name="TestNgPackage.Junitclass" time="0.239" errors="0" timestamp="2024-09-01T08:01:06 IST" skipped="0">
  <testcase classname="TestNgPackage.Junitclass" name="testEquals" time="0.239"/>
</testsuite> <!-- TestNgPackage.Junitclass -->
