<?xml version="1.0" encoding="UTF-8"?>
<!-- Generated by org.testng.reporters.JUnitReportReporter -->
<testsuite hostname="DESKTOP-N48DG7R" failures="0" tests="12" name="PavanSirJavaPrograme.JavaProgramm" time="0.093" errors="0" timestamp="2024-10-29T08:21:10 IST" skipped="0">
  <testcase classname="PavanSirJavaPrograme.JavaProgramm" name="primeNum" time="0.008"/>
  <testcase classname="PavanSirJavaPrograme.JavaProgramm" name="swapNumbers" time="0.009"/>
  <testcase classname="PavanSirJavaPrograme.JavaProgramm" name="reverseNum" time="0.004"/>
  <testcase classname="PavanSirJavaPrograme.JavaProgramm" name="palidromeNum" time="0.005"/>
  <testcase classname="PavanSirJavaPrograme.JavaProgramm" name="revString" time="0.004"/>
  <testcase classname="PavanSirJavaPrograme.JavaProgramm" name="fibonacciSequece" time="0.010"/>
  <testcase classname="PavanSirJavaPrograme.JavaProgramm" name="LargestNumber" time="0.017"/>
  <testcase classname="PavanSirJavaPrograme.JavaProgramm" name="NumerOfDigitsEVEN" time="0.006"/>
  <testcase classname="PavanSirJavaPrograme.JavaProgramm" name="f2" time="0.007"/>
  <testcase classname="PavanSirJavaPrograme.JavaProgramm" name="NumerOfDigits" time="0.005"/>
  <testcase classname="PavanSirJavaPrograme.JavaProgramm" name="f1" time="0.014"/>
  <testcase classname="PavanSirJavaPrograme.JavaProgramm" name="SumOfDigits" time="0.004"/>
</testsuite> <!-- PavanSirJavaPrograme.JavaProgramm -->
