<?xml version="1.0" encoding="UTF-8"?>
<!-- Generated by org.testng.reporters.JUnitReportReporter -->
<testsuite hostname="DESKTOP-N48DG7R" failures="0" tests="1" name="Collection.SetInterface" time="0.018" errors="0" timestamp="2024-09-14T08:31:38 IST" skipped="0">
  <testcase classname="Collection.SetInterface" name="LinkedHashSetClass" time="0.018"/>
</testsuite> <!-- Collection.SetInterface -->
