<?xml version="1.0" encoding="UTF-8"?>
<!-- Generated by org.testng.reporters.JUnitReportReporter -->
<testsuite hostname="DESKTOP-N48DG7R" failures="0" tests="1" name="PracticePackage.PC1" time="7.811" errors="0" timestamp="2024-08-08T08:12:27 IST" skipped="0">
  <testcase classname="PracticePackage.PC1" name="TC14_SendFile" time="7.811"/>
  <system-out/>
</testsuite> <!-- PracticePackage.PC1 -->
