<?xml version="1.0" encoding="UTF-8"?>
<!-- Generated by org.testng.reporters.JUnitReportReporter -->
<testsuite hostname="DESKTOP-N48DG7R" failures="0" tests="1" name="Collection.ListClass" time="0.020" errors="0" timestamp="2024-08-09T09:47:20 IST" skipped="0">
  <testcase classname="Collection.ListClass" name="vector" time="0.020"/>
  <system-out/>
</testsuite> <!-- Collection.ListClass -->
