<?xml version="1.0" encoding="UTF-8"?>
<!-- Generated by org.testng.reporters.JUnitReportReporter -->
<testsuite hostname="DESKTOP-N48DG7R" failures="0" tests="2" name="PracticePackage.DataproviderClass" time="6.037" errors="0" timestamp="2024-10-28T18:12:07 IST" skipped="0">
  <testcase classname="PracticePackage.DataproviderClass" name="TestMethod" time="3.012"/>
  <testcase classname="PracticePackage.DataproviderClass" name="TestMethod" time="3.025"/>
</testsuite> <!-- PracticePackage.DataproviderClass -->
