<?xml version="1.0" encoding="UTF-8"?>
<!-- Generated by org.testng.reporters.JUnitReportReporter -->
<testsuite hostname="DESKTOP-N48DG7R" failures="0" tests="1" name="Collection.PractieQuestions" time="0.016" errors="0" timestamp="2024-09-14T08:15:51 IST" skipped="0">
  <testcase classname="Collection.PractieQuestions" name="f" time="0.016"/>
</testsuite> <!-- Collection.PractieQuestions -->
