<?xml version="1.0" encoding="UTF-8"?>
<!-- Generated by org.testng.reporters.JUnitReportReporter -->
<testsuite hostname="DESKTOP-N48DG7R" failures="0" tests="1" name="Collection.QueueClass" time="0.014" errors="0" timestamp="2024-08-09T09:53:47 IST" skipped="0">
  <testcase classname="Collection.QueueClass" name="f" time="0.014"/>
  <system-out/>
</testsuite> <!-- Collection.QueueClass -->
