<?xml version="1.0" encoding="UTF-8"?>
<!-- Generated by org.testng.reporters.JUnitReportReporter -->
<testsuite hostname="DESKTOP-N48DG7R" failures="0" tests="1" name="TestNgPackage.AllSequesceOfTEST" time="0.018" errors="0" timestamp="2024-10-27T18:31:33 IST" skipped="0">
  <testcase classname="TestNgPackage.AllSequesceOfTEST" name="f" time="0.018"/>
</testsuite> <!-- TestNgPackage.AllSequesceOfTEST -->
