<?xml version="1.0" encoding="UTF-8"?>
<!-- Generated by org.testng.reporters.JUnitReportReporter -->
<testsuite hostname="DESKTOP-N48DG7R" failures="0" tests="1" name="Collection.ArrayListClass" time="0.015" errors="0" timestamp="2024-08-09T09:25:16 IST" skipped="0">
  <testcase classname="Collection.ArrayListClass" name="f" time="0.015"/>
  <system-out/>
</testsuite> <!-- Collection.ArrayListClass -->
