<?xml version="1.0" encoding="UTF-8"?>
<!-- Generated by org.testng.reporters.JUnitReportReporter -->
<testsuite hostname="DESKTOP-N48DG7R" failures="0" tests="1" name="Collection.MapInterface" time="0.013" errors="0" timestamp="2024-09-14T16:12:46 IST" skipped="0">
  <testcase classname="Collection.MapInterface" name="f3" time="0.013"/>
</testsuite> <!-- Collection.MapInterface -->
