<?xml version="1.0" encoding="UTF-8"?>
<!-- Generated by org.testng.reporters.JUnitReportReporter -->
<testsuite hostname="DESKTOP-N48DG7R" failures="0" tests="3" name="Collection.QueueInterface" time="0.033" errors="0" timestamp="2024-10-25T18:19:39 IST" skipped="0">
  <testcase classname="Collection.QueueInterface" name="DequeInterfaceUseArrayDequeClass" time="0.020"/>
  <testcase classname="Collection.QueueInterface" name="DequeInterfaceUseLinkedListClass" time="0.006"/>
  <testcase classname="Collection.QueueInterface" name="PrirityQueClass" time="0.007"/>
</testsuite> <!-- Collection.QueueInterface -->
